<?xml version="1.0" encoding="UTF-8"?>
<!-- Generated by org.testng.reporters.JUnitReportReporter -->
<testsuite skipped="0" hostname="deviprasad-VAIO" name="scripts.ValidLogin" tests="1" failures="0" timestamp="24 Feb 2018 06:01:42 GMT" time="17.625" errors="0">
  <testcase name="testValidLogin" time="17.625" classname="scripts.ValidLogin"/>
</testsuite> <!-- scripts.ValidLogin -->
