<?xml version="1.0" encoding="UTF-8"?>
<!-- Generated by org.testng.reporters.JUnitReportReporter -->
<testsuite skipped="0" hostname="deviprasad-VAIO" name="scripts.InvalidLogin" tests="1" failures="0" timestamp="24 Feb 2018 06:01:42 GMT" time="15.394" errors="0">
  <testcase name="testInValid" time="15.394" classname="scripts.InvalidLogin"/>
</testsuite> <!-- scripts.InvalidLogin -->
