<?xml version="1.0" encoding="UTF-8"?>
<!-- Generated by org.testng.reporters.JUnitReportReporter -->
<testsuite hostname="deviprasad-VAIO" name="scripts.InvalidLogin" tests="1" failures="0" timestamp="24 Feb 2018 06:23:07 GMT" time="26.767" errors="0">
  <testcase name="testInValid" time="26.767" classname="scripts.InvalidLogin"/>
</testsuite> <!-- scripts.InvalidLogin -->
