<?xml version="1.0" encoding="UTF-8"?>
<!-- Generated by org.testng.reporters.JUnitReportReporter -->
<testsuite hostname="deviprasad-VAIO" name="scripts.ValidLogin" tests="1" failures="0" timestamp="24 Feb 2018 06:23:07 GMT" time="14.638" errors="0">
  <testcase name="testValidLogin" time="14.638" classname="scripts.ValidLogin"/>
</testsuite> <!-- scripts.ValidLogin -->
